./compare-solver-speed.sh 40 100 5
=====================================
Solve using serial solver
Took 0.00260711 to solve! 

Solve using mpi solver
Took 0.00449815 to solve! 

=====================================
Solve using serial solver
Took 0.00266194 to solve! 

Solve using mpi solver
Took 0.0044946 to solve! 

=====================================
Solve using serial solver
Took 0.00261712 to solve! 

Solve using mpi solver
Took 0.00433708 to solve! 

=====================================
Solve using serial solver
Took 0.00278497 to solve! 

Solve using mpi solver
Took 0.00416335 to solve! 

=====================================
Solve using serial solver
Took 0.00275302 to solve! 

Solve using mpi solver
Took 0.00396156 to solve! 

=====================================
Solve using serial solver
Took 0.00297904 to solve! 

Solve using mpi solver
Took 0.00398938 to solve! 

=====================================
Solve using serial solver
Took 0.00270605 to solve! 

Solve using mpi solver
stoistoistoistoistoi--------------------------------------------------------------------------
Primary job  terminated normally, but 1 process returned
a non-zero exit code. Per user-direction, the job has been aborted.
--------------------------------------------------------------------------
--------------------------------------------------------------------------
mpirun detected that one or more processes exited with non-zero status, thus causing
the job to be terminated. The first process to do so was:

  Process name: [[1740,1],0]
  Exit code:    255
--------------------------------------------------------------------------
=====================================
Solve using serial solver
Took 0.00870609 to solve! 

Solve using mpi solver
Took 0.00486898 to solve! 

=====================================
Solve using serial solver
Took 0.00334597 to solve! 

Solve using mpi solver
Took 0.00442047 to solve! 

=====================================
Solve using serial solver
Took 0.00264907 to solve! 

Solve using mpi solver
Took 0.00439999 to solve! 

=====================================
Solve using serial solver
Took 0.00266385 to solve! 

Solve using mpi solver
Took 0.00443107 to solve! 

=====================================
Solve using serial solver
Took 0.00308609 to solve! 

Solve using mpi solver
Took 0.0044125 to solve! 

=====================================
Solve using serial solver
Took 0.00260282 to solve! 

Solve using mpi solver
stoistoistoistoistoi--------------------------------------------------------------------------
Primary job  terminated normally, but 1 process returned
a non-zero exit code. Per user-direction, the job has been aborted.
--------------------------------------------------------------------------
--------------------------------------------------------------------------
mpirun detected that one or more processes exited with non-zero status, thus causing
the job to be terminated. The first process to do so was:

  Process name: [[1146,1],1]
  Exit code:    255
--------------------------------------------------------------------------
=====================================
Solve using serial solver
Took 0.00269604 to solve! 

Solve using mpi solver
Took 0.00439747 to solve! 

=====================================
Solve using serial solver
Took 0.00260496 to solve! 

Solve using mpi solver
Took 0.0046048 to solve! 

=====================================
Solve using serial solver
Took 0.00269294 to solve! 

Solve using mpi solver
Took 0.00475816 to solve! 

=====================================
Solve using serial solver
Took 0.00270104 to solve! 

Solve using mpi solver
Took 0.00450718 to solve! 

=====================================
Solve using serial solver
Took 0.00314212 to solve! 

Solve using mpi solver
Took 0.00449012 to solve! 

=====================================
Solve using serial solver
Took 0.00264692 to solve! 

Solve using mpi solver
Took 0.00469893 to solve! 

=====================================
Solve using serial solver
Took 0.00258493 to solve! 

Solve using mpi solver
Took 0.00398974 to solve! 

=====================================
Solve using serial solver
Took 0.00261998 to solve! 

Solve using mpi solver
Took 0.00443843 to solve! 

=====================================
Solve using serial solver
Took 0.00267887 to solve! 

Solve using mpi solver
Took 0.00513268 to solve! 

=====================================
Solve using serial solver
Took 0.00262594 to solve! 

Solve using mpi solver
Took 0.00530971 to solve! 

=====================================
Solve using serial solver
Took 0.00299191 to solve! 

Solve using mpi solver
Took 0.00511348 to solve! 

=====================================
Solve using serial solver
Took 0.00257802 to solve! 

Solve using mpi solver
Took 0.00425688 to solve! 

=====================================
Solve using serial solver
Took 0.00315905 to solve! 

Solve using mpi solver
Took 0.00468548 to solve! 

=====================================
Solve using serial solver
Took 0.00267482 to solve! 

Solve using mpi solver
Took 0.00465785 to solve! 

=====================================
Solve using serial solver
Took 0.00269699 to solve! 

Solve using mpi solver
Took 0.00451168 to solve! 

=====================================
Solve using serial solver
Took 0.00264692 to solve! 

Solve using mpi solver
Took 0.00467532 to solve! 

=====================================
Solve using serial solver
stoiSolve using mpi solver
Took 0.00467575 to solve! 

=====================================
Solve using serial solver
Took 0.00260496 to solve! 

Solve using mpi solver
Took 0.00401934 to solve! 

=====================================
Solve using serial solver
Took 0.00257516 to solve! 

Solve using mpi solver
Took 0.00477176 to solve! 

=====================================
Solve using serial solver
Took 0.00260901 to solve! 

Solve using mpi solver
Took 0.00469004 to solve! 

=====================================
Solve using serial solver
Took 0.00251603 to solve! 

Solve using mpi solver
Took 0.00439666 to solve! 

=====================================
Solve using serial solver
stoiSolve using mpi solver
Took 0.00454847 to solve! 

=====================================
Solve using serial solver
Took 0.0116348 to solve! 

Solve using mpi solver
Took 0.00442122 to solve! 

=====================================
Solve using serial solver
Took 0.00263596 to solve! 

Solve using mpi solver
Took 0.00432416 to solve! 

=====================================
Solve using serial solver
Took 0.002702 to solve! 

Solve using mpi solver
Took 0.0044925 to solve! 

=====================================
Solve using serial solver
Took 0.00354695 to solve! 

Solve using mpi solver
stoistoistoistoistoi--------------------------------------------------------------------------
Primary job  terminated normally, but 1 process returned
a non-zero exit code. Per user-direction, the job has been aborted.
--------------------------------------------------------------------------
--------------------------------------------------------------------------
mpirun detected that one or more processes exited with non-zero status, thus causing
the job to be terminated. The first process to do so was:

  Process name: [[7729,1],3]
  Exit code:    255
--------------------------------------------------------------------------
=====================================
Solve using serial solver
Took 0.00268197 to solve! 

Solve using mpi solver
Took 0.00406787 to solve! 

=====================================
Solve using serial solver
Took 0.00284314 to solve! 

Solve using mpi solver
Took 0.00443221 to solve! 

=====================================
Solve using serial solver
Took 0.00265908 to solve! 

Solve using mpi solver
Took 0.00417657 to solve! 

=====================================
Solve using serial solver
Took 0.00286889 to solve! 

Solve using mpi solver
Took 0.00424244 to solve! 

=====================================
Solve using serial solver
Took 0.00305414 to solve! 

Solve using mpi solver
Took 0.00432933 to solve! 

=====================================
Solve using serial solver
Took 0.00272918 to solve! 

Solve using mpi solver
Took 0.00439779 to solve! 

=====================================
Solve using serial solver
Took 0.00260186 to solve! 

Solve using mpi solver
Took 0.00401617 to solve! 

=====================================
Solve using serial solver
Took 0.00265002 to solve! 

Solve using mpi solver
Took 0.00510335 to solve! 

=====================================
Solve using serial solver
Took 0.00189614 to solve! 

Solve using mpi solver
Took 0.00512295 to solve! 

=====================================
Solve using serial solver
Took 0.00252604 to solve! 

Solve using mpi solver
Took 0.00547706 to solve! 

=====================================
Solve using serial solver
Took 0.00377011 to solve! 

Solve using mpi solver
Took 0.0052774 to solve! 

=====================================
Solve using serial solver
Took 0.00258303 to solve! 

Solve using mpi solver
Took 0.00400152 to solve! 

=====================================
Solve using serial solver
Took 0.00476694 to solve! 

Solve using mpi solver
Took 0.0040178 to solve! 

=====================================
Solve using serial solver
Took 0.00262403 to solve! 

Solve using mpi solver
Took 0.0042638 to solve! 

=====================================
Solve using serial solver
Took 0.00256515 to solve! 

Solve using mpi solver
Took 0.0118867 to solve! 

=====================================
Solve using serial solver
Took 0.00265312 to solve! 

Solve using mpi solver
Took 0.0118862 to solve! 

=====================================
Solve using serial solver
Took 0.00269914 to solve! 

Solve using mpi solver
stoistoistoistoistoi--------------------------------------------------------------------------
Primary job  terminated normally, but 1 process returned
a non-zero exit code. Per user-direction, the job has been aborted.
--------------------------------------------------------------------------
--------------------------------------------------------------------------
mpirun detected that one or more processes exited with non-zero status, thus causing
the job to be terminated. The first process to do so was:

  Process name: [[7563,1],2]
  Exit code:    255
--------------------------------------------------------------------------
=====================================
Solve using serial solver
Took 0.00267196 to solve! 

Solve using mpi solver
Took 0.00895691 to solve! 

=====================================
Solve using serial solver
Took 0.00278807 to solve! 

Solve using mpi solver
Took 0.00415851 to solve! 

=====================================
Solve using serial solver
Took 0.00267506 to solve! 

Solve using mpi solver
Took 0.00898335 to solve! 

=====================================
Solve using serial solver
Took 0.00265098 to solve! 

Solve using mpi solver
Took 0.00877881 to solve! 

=====================================
Solve using serial solver
Took 0.00265193 to solve! 

Solve using mpi solver
Took 0.00398674 to solve! 

=====================================
Solve using serial solver
Took 0.00593805 to solve! 

Solve using mpi solver
Took 0.00733138 to solve! 

=====================================
Solve using serial solver
Took 0.00271392 to solve! 

Solve using mpi solver
Took 0.00750135 to solve! 

=====================================
Solve using serial solver
Took 0.00260806 to solve! 

Solve using mpi solver
Took 0.00439303 to solve! 

=====================================
Solve using serial solver
Took 0.00267005 to solve! 

Solve using mpi solver
Took 0.00438346 to solve! 

=====================================
Solve using serial solver
Took 0.00255513 to solve! 

Solve using mpi solver
Took 0.00398382 to solve! 

=====================================
Solve using serial solver
Took 0.00309992 to solve! 

Solve using mpi solver
Took 0.00429472 to solve! 

=====================================
Solve using serial solver
Took 0.00293398 to solve! 

Solve using mpi solver
stoistoistoistoistoi--------------------------------------------------------------------------
Primary job  terminated normally, but 1 process returned
a non-zero exit code. Per user-direction, the job has been aborted.
--------------------------------------------------------------------------
--------------------------------------------------------------------------
mpirun detected that one or more processes exited with non-zero status, thus causing
the job to be terminated. The first process to do so was:

  Process name: [[6251,1],1]
  Exit code:    255
--------------------------------------------------------------------------
=====================================
Solve using serial solver
Took 0.00260186 to solve! 

Solve using mpi solver
Took 0.00402054 to solve! 

=====================================
Solve using serial solver
Took 0.0027051 to solve! 

Solve using mpi solver
Took 0.00441436 to solve! 

=====================================
Solve using serial solver
Took 0.00307488 to solve! 

Solve using mpi solver
Took 0.00441416 to solve! 

=====================================
Solve using serial solver
Took 0.00260282 to solve! 

Solve using mpi solver
Took 0.00458097 to solve! 

=====================================
Solve using serial solver
Took 0.00257087 to solve! 

Solve using mpi solver
Took 0.00566796 to solve! 

=====================================
Solve using serial solver
Took 0.0027101 to solve! 

Solve using mpi solver
Took 0.00565997 to solve! 

=====================================
Solve using serial solver
Took 0.00260091 to solve! 

Solve using mpi solver
Took 0.00564807 to solve! 

=====================================
Solve using serial solver
Took 0.00256085 to solve! 

Solve using mpi solver
Took 0.00465246 to solve! 

=====================================
Solve using serial solver
Took 0.00264597 to solve! 

Solve using mpi solver
Took 0.00399955 to solve! 

=====================================
Solve using serial solver
Took 0.00273108 to solve! 

Solve using mpi solver
stoistoistoistoistoi--------------------------------------------------------------------------
Primary job  terminated normally, but 1 process returned
a non-zero exit code. Per user-direction, the job has been aborted.
--------------------------------------------------------------------------
--------------------------------------------------------------------------
mpirun detected that one or more processes exited with non-zero status, thus causing
the job to be terminated. The first process to do so was:

  Process name: [[5793,1],4]
  Exit code:    255
--------------------------------------------------------------------------
=====================================
Solve using serial solver
Took 0.00254583 to solve! 

Solve using mpi solver
Took 0.00471349 to solve! 

=====================================
Solve using serial solver
Took 0.00267911 to solve! 

Solve using mpi solver
Took 0.00416425 to solve! 

=====================================
Solve using serial solver
Took 0.00313997 to solve! 

Solve using mpi solver
Took 0.00457627 to solve! 

=====================================
Solve using serial solver
Took 0.00284719 to solve! 

Solve using mpi solver
Took 0.00399469 to solve! 

=====================================
Solve using serial solver
Took 0.00273895 to solve! 

Solve using mpi solver
Took 0.0041684 to solve! 

=====================================
Solve using serial solver
Took 0.00255895 to solve! 

Solve using mpi solver
Took 0.00417714 to solve! 

=====================================
Solve using serial solver
Took 0.00279713 to solve! 

Solve using mpi solver
Took 0.00431562 to solve! 

=====================================
Solve using serial solver
Took 0.00318122 to solve! 

Solve using mpi solver
Took 0.00408038 to solve! 

=====================================
Solve using serial solver
Took 0.00278902 to solve! 

Solve using mpi solver
Took 0.00408476 to solve! 

=====================================
Solve using serial solver
Took 0.00286102 to solve! 

Solve using mpi solver
Took 0.00424477 to solve! 

=====================================
Solve using serial solver
Took 0.00271893 to solve! 

Solve using mpi solver
Took 0.00406972 to solve! 

=====================================
Solve using serial solver
Took 0.0028398 to solve! 

Solve using mpi solver
Took 0.00419343 to solve! 

=====================================
Solve using serial solver
Took 0.00266504 to solve! 

Solve using mpi solver
Took 0.00437467 to solve! 

=====================================
Solve using serial solver
Took 0.00261307 to solve! 

Solve using mpi solver
Took 0.00398324 to solve! 

=====================================
Solve using serial solver
Took 0.00271511 to solve! 

Solve using mpi solver
Took 0.00592392 to solve! 

=====================================
Solve using serial solver
Took 0.00261998 to solve! 

Solve using mpi solver
Took 0.00397679 to solve! 

=====================================
Solve using serial solver
Took 0.00262094 to solve! 

Solve using mpi solver
Took 0.00413317 to solve! 

=====================================
Solve using serial solver
Took 0.00317907 to solve! 

Solve using mpi solver
Took 0.00398044 to solve! 

=====================================
Solve using serial solver
Took 0.00260782 to solve! 

Solve using mpi solver
Took 0.00400386 to solve! 

=====================================
Solve using serial solver
Took 0.00266695 to solve! 

Solve using mpi solver
Took 0.00427919 to solve! 

=====================================
Solve using serial solver
Took 0.00264406 to solve! 

Solve using mpi solver
Took 0.00441859 to solve! 

=====================================
Solve using serial solver
Took 0.00263715 to solve! 

Solve using mpi solver
Took 0.00424553 to solve! 

