./compare-solver-speed.sh 30 100 9
=====================================
Solve using serial solver
Took 0.00239086 to solve! 

Solve using mpi solver
Took 0.00422066 to solve! 

=====================================
Solve using serial solver
Took 0.00227404 to solve! 

Solve using mpi solver
Took 0.00417954 to solve! 

=====================================
Solve using serial solver
Took 0.00226402 to solve! 

Solve using mpi solver
Took 0.00419383 to solve! 

=====================================
Solve using serial solver
Took 0.00242496 to solve! 

Solve using mpi solver
Took 0.00422078 to solve! 

=====================================
Solve using serial solver
Took 0.00237012 to solve! 

Solve using mpi solver
Took 0.00419377 to solve! 

=====================================
Solve using serial solver
Took 0.00225997 to solve! 

Solve using mpi solver
Took 0.00423041 to solve! 

=====================================
Solve using serial solver
Took 0.00266004 to solve! 

Solve using mpi solver
Took 0.00420462 to solve! 

=====================================
Solve using serial solver
Took 0.00362706 to solve! 

Solve using mpi solver
Took 0.00419348 to solve! 

=====================================
Solve using serial solver
Took 0.00233102 to solve! 

Solve using mpi solver
Took 0.00424335 to solve! 

=====================================
Solve using serial solver
Took 0.00242901 to solve! 

Solve using mpi solver
Took 0.00418801 to solve! 

=====================================
Solve using serial solver
Took 0.002424 to solve! 

Solve using mpi solver
Took 0.00448332 to solve! 

=====================================
Solve using serial solver
Took 0.00246191 to solve! 

Solve using mpi solver
Took 0.00452966 to solve! 

=====================================
Solve using serial solver
Took 0.00236797 to solve! 

Solve using mpi solver
Took 0.0043187 to solve! 

=====================================
Solve using serial solver
Took 0.00236511 to solve! 

Solve using mpi solver
Took 0.00425538 to solve! 

=====================================
Solve using serial solver
Took 0.00247312 to solve! 

Solve using mpi solver
Took 0.00420132 to solve! 

=====================================
Solve using serial solver
Took 0.00255895 to solve! 

Solve using mpi solver
Took 0.00441416 to solve! 

=====================================
Solve using serial solver
Took 0.00243115 to solve! 

Solve using mpi solver
Took 0.00420324 to solve! 

=====================================
Solve using serial solver
Took 0.00251412 to solve! 

Solve using mpi solver
Took 0.00416786 to solve! 

=====================================
Solve using serial solver
Took 0.00234509 to solve! 

Solve using mpi solver
Took 0.00415903 to solve! 

=====================================
Solve using serial solver
Took 0.00231218 to solve! 

Solve using mpi solver
Took 0.00416371 to solve! 

=====================================
Solve using serial solver
Took 0.00231504 to solve! 

Solve using mpi solver
Took 0.00426687 to solve! 

=====================================
Solve using serial solver
Took 0.00241208 to solve! 

Solve using mpi solver
Took 0.00433317 to solve! 

=====================================
Solve using serial solver
Took 0.00243902 to solve! 

Solve using mpi solver
Took 0.00419333 to solve! 

=====================================
Solve using serial solver
Took 0.00254607 to solve! 

Solve using mpi solver
Took 0.00466841 to solve! 

=====================================
Solve using serial solver
Took 0.00252199 to solve! 

Solve using mpi solver
Took 0.00414766 to solve! 

=====================================
Solve using serial solver
Took 0.00245309 to solve! 

Solve using mpi solver
Took 0.00419107 to solve! 

=====================================
Solve using serial solver
Took 0.00243783 to solve! 

Solve using mpi solver
Took 0.00417377 to solve! 

=====================================
Solve using serial solver
Took 0.00250912 to solve! 

Solve using mpi solver
Took 0.00427477 to solve! 

=====================================
Solve using serial solver
Took 0.00245786 to solve! 

Solve using mpi solver
Took 0.004181 to solve! 

=====================================
Solve using serial solver
Took 0.00238013 to solve! 

Solve using mpi solver
Took 0.00426587 to solve! 

=====================================
Solve using serial solver
Took 0.0023222 to solve! 

Solve using mpi solver
Took 0.00420749 to solve! 

=====================================
Solve using serial solver
Took 0.00229406 to solve! 

Solve using mpi solver
Took 0.00421521 to solve! 

=====================================
Solve using serial solver
Took 0.00235295 to solve! 

Solve using mpi solver
Took 0.00425427 to solve! 

=====================================
Solve using serial solver
Took 0.00240898 to solve! 

Solve using mpi solver
Took 0.00417665 to solve! 

=====================================
Solve using serial solver
Took 0.00241303 to solve! 

Solve using mpi solver
Took 0.00453579 to solve! 

=====================================
Solve using serial solver
Took 0.00221205 to solve! 

Solve using mpi solver
Took 0.00454962 to solve! 

=====================================
Solve using serial solver
Took 0.00421906 to solve! 

Solve using mpi solver
Took 0.00418275 to solve! 

=====================================
Solve using serial solver
Took 0.00236797 to solve! 

Solve using mpi solver
Took 0.00419872 to solve! 

=====================================
Solve using serial solver
Took 0.00235915 to solve! 

Solve using mpi solver
Took 0.00416399 to solve! 

=====================================
Solve using serial solver
Took 0.00244403 to solve! 

Solve using mpi solver
Took 0.00427845 to solve! 

=====================================
Solve using serial solver
Took 0.00226593 to solve! 

Solve using mpi solver
Took 0.00417424 to solve! 

=====================================
Solve using serial solver
Took 0.00248694 to solve! 

Solve using mpi solver
Took 0.00430403 to solve! 

=====================================
Solve using serial solver
Took 0.00233293 to solve! 

Solve using mpi solver
Took 0.00422977 to solve! 

=====================================
Solve using serial solver
Took 0.00232601 to solve! 

Solve using mpi solver
Took 0.00421729 to solve! 

=====================================
Solve using serial solver
Took 0.00244284 to solve! 

Solve using mpi solver
Took 0.00425126 to solve! 

=====================================
Solve using serial solver
Took 0.00229597 to solve! 

Solve using mpi solver
Took 0.00421327 to solve! 

=====================================
Solve using serial solver
Took 0.00233197 to solve! 

Solve using mpi solver
Took 0.00454867 to solve! 

=====================================
Solve using serial solver
Took 0.00240898 to solve! 

Solve using mpi solver
Took 0.00418757 to solve! 

=====================================
Solve using serial solver
Took 0.00258493 to solve! 

Solve using mpi solver
Took 0.00418452 to solve! 

=====================================
Solve using serial solver
Took 0.00237584 to solve! 

Solve using mpi solver
Took 0.00422745 to solve! 

=====================================
Solve using serial solver
Took 0.00232506 to solve! 

Solve using mpi solver
Took 0.00416911 to solve! 

=====================================
Solve using serial solver
Took 0.00250196 to solve! 

Solve using mpi solver
Took 0.00423486 to solve! 

=====================================
Solve using serial solver
Took 0.00245094 to solve! 

Solve using mpi solver
Took 0.00416395 to solve! 

=====================================
Solve using serial solver
Took 0.00241709 to solve! 

Solve using mpi solver
Took 0.0041404 to solve! 

=====================================
Solve using serial solver
Took 0.00233102 to solve! 

Solve using mpi solver
Took 0.00416052 to solve! 

=====================================
Solve using serial solver
Took 0.00237393 to solve! 

Solve using mpi solver
Took 0.00419539 to solve! 

=====================================
Solve using serial solver
Took 0.00248003 to solve! 

Solve using mpi solver
Took 0.00417823 to solve! 

=====================================
Solve using serial solver
Took 0.00236511 to solve! 

Solve using mpi solver
Took 0.0041624 to solve! 

=====================================
Solve using serial solver
Took 0.00233698 to solve! 

Solve using mpi solver
Took 0.00419082 to solve! 

=====================================
Solve using serial solver
Took 0.00234699 to solve! 

Solve using mpi solver
Took 0.00419479 to solve! 

=====================================
Solve using serial solver
Took 0.00230694 to solve! 

Solve using mpi solver
Took 0.00425829 to solve! 

=====================================
Solve using serial solver
Took 0.00225806 to solve! 

Solve using mpi solver
Took 0.00427882 to solve! 

=====================================
Solve using serial solver
Took 0.00222802 to solve! 

Solve using mpi solver
Took 0.00455136 to solve! 

=====================================
Solve using serial solver
Took 0.00234699 to solve! 

Solve using mpi solver
Took 0.00436461 to solve! 

=====================================
Solve using serial solver
Took 0.00228 to solve! 

Solve using mpi solver
Took 0.00419397 to solve! 

=====================================
Solve using serial solver
Took 0.0915279 to solve! 

Solve using mpi solver
Took 0.0043229 to solve! 

=====================================
Solve using serial solver
Took 0.00410795 to solve! 

Solve using mpi solver
Took 0.00422733 to solve! 

=====================================
Solve using serial solver
Took 0.00233221 to solve! 

Solve using mpi solver
Took 0.00435685 to solve! 

=====================================
Solve using serial solver
Took 0.00234604 to solve! 

Solve using mpi solver
Took 0.00421279 to solve! 

=====================================
Solve using serial solver
Took 0.0024519 to solve! 

Solve using mpi solver
Took 0.00426788 to solve! 

=====================================
Solve using serial solver
Took 0.00225806 to solve! 

Solve using mpi solver
Took 0.00426303 to solve! 

=====================================
Solve using serial solver
Took 0.00247502 to solve! 

Solve using mpi solver
Took 0.00455436 to solve! 

=====================================
Solve using serial solver
Took 0.00253606 to solve! 

Solve using mpi solver
Took 0.0042826 to solve! 

=====================================
Solve using serial solver
Took 0.00240993 to solve! 

Solve using mpi solver
Took 0.00420483 to solve! 

=====================================
Solve using serial solver
Took 0.00241995 to solve! 

Solve using mpi solver
Took 0.00436867 to solve! 

=====================================
Solve using serial solver
Took 0.00246 to solve! 

Solve using mpi solver
Took 0.00427277 to solve! 

=====================================
Solve using serial solver
Took 0.00242305 to solve! 

Solve using mpi solver
Took 0.00417469 to solve! 

=====================================
Solve using serial solver
Took 0.00261402 to solve! 

Solve using mpi solver
Took 0.00457959 to solve! 

=====================================
Solve using serial solver
Took 0.002388 to solve! 

Solve using mpi solver
Took 0.004281 to solve! 

=====================================
Solve using serial solver
Took 0.00240898 to solve! 

Solve using mpi solver
Took 0.00458068 to solve! 

=====================================
Solve using serial solver
Took 0.00232506 to solve! 

Solve using mpi solver
Took 0.00420734 to solve! 

=====================================
Solve using serial solver
Took 0.00237107 to solve! 

Solve using mpi solver
Took 0.00435092 to solve! 

=====================================
Solve using serial solver
Took 0.00247002 to solve! 

Solve using mpi solver
Took 0.00420475 to solve! 

=====================================
Solve using serial solver
Took 0.00237393 to solve! 

Solve using mpi solver
Took 0.00418285 to solve! 

=====================================
Solve using serial solver
Took 0.00240183 to solve! 

Solve using mpi solver
Took 0.00422235 to solve! 

=====================================
Solve using serial solver
Took 0.00240803 to solve! 

Solve using mpi solver
Took 0.0043726 to solve! 

=====================================
Solve using serial solver
Took 0.00236607 to solve! 

Solve using mpi solver
Took 0.00451454 to solve! 

=====================================
Solve using serial solver
Took 0.00227404 to solve! 

Solve using mpi solver
Took 0.0041625 to solve! 

=====================================
Solve using serial solver
Took 0.00239515 to solve! 

Solve using mpi solver
Took 0.00420185 to solve! 

=====================================
Solve using serial solver
Took 0.00231981 to solve! 

Solve using mpi solver
Took 0.00451043 to solve! 

=====================================
Solve using serial solver
Took 0.00232291 to solve! 

Solve using mpi solver
Took 0.00436228 to solve! 

=====================================
Solve using serial solver
Took 0.002321 to solve! 

Solve using mpi solver
Took 0.00433455 to solve! 

=====================================
Solve using serial solver
Took 0.00233197 to solve! 

Solve using mpi solver
Took 0.0042155 to solve! 

=====================================
Solve using serial solver
Took 0.00230098 to solve! 

Solve using mpi solver
Took 0.00419069 to solve! 

=====================================
Solve using serial solver
Took 0.00235891 to solve! 

Solve using mpi solver
Took 0.00416675 to solve! 

=====================================
Solve using serial solver
Took 0.00234008 to solve! 

Solve using mpi solver
Took 0.00457482 to solve! 

=====================================
Solve using serial solver
Took 0.00261497 to solve! 

Solve using mpi solver
Took 0.00422821 to solve! 

=====================================
Solve using serial solver
Took 0.00243783 to solve! 

Solve using mpi solver
Took 0.00425623 to solve! 

=====================================
Solve using serial solver
Took 0.00251508 to solve! 

Solve using mpi solver
Took 0.00419562 to solve! 

=====================================
Solve using serial solver
Took 0.00256801 to solve! 

Solve using mpi solver
Took 0.00424666 to solve! 

