./compare-solver-speed.sh 20 100 9
=====================================
Solve using serial solver
Took 0.000522137 to solve! 

Solve using mpi solver
Took 0.00119572 to solve! 

=====================================
Solve using serial solver
Took 0.000887156 to solve! 

Solve using mpi solver
Took 0.00176768 to solve! 

=====================================
Solve using serial solver
Took 0.000595093 to solve! 

Solve using mpi solver
Took 0.00145416 to solve! 

=====================================
Solve using serial solver
Took 0.00295997 to solve! 

Solve using mpi solver
Took 0.00115487 to solve! 

=====================================
Solve using serial solver
Took 0.00297785 to solve! 

Solve using mpi solver
Took 0.00135388 to solve! 

=====================================
Solve using serial solver
Took 0.00301194 to solve! 

Solve using mpi solver
Took 0.00131854 to solve! 

=====================================
Solve using serial solver
Took 0.00301886 to solve! 

Solve using mpi solver
Took 0.00147222 to solve! 

=====================================
Solve using serial solver
Took 0.00300598 to solve! 

Solve using mpi solver
Took 0.00141799 to solve! 

=====================================
Solve using serial solver
Took 0.00297689 to solve! 

Solve using mpi solver
Took 0.00120159 to solve! 

=====================================
Solve using serial solver
Took 0.00100112 to solve! 

Solve using mpi solver
Took 0.00367188 to solve! 

=====================================
Solve using serial solver
Took 0.00297308 to solve! 

Solve using mpi solver
Took 0.00117776 to solve! 

=====================================
Solve using serial solver
Took 0.00295496 to solve! 

Solve using mpi solver
Took 0.00117938 to solve! 

=====================================
Solve using serial solver
Took 0.00296617 to solve! 

Solve using mpi solver
Took 0.00318264 to solve! 

=====================================
Solve using serial solver
Took 0.00298309 to solve! 

Solve using mpi solver
Took 0.0014832 to solve! 

=====================================
Solve using serial solver
Took 0.00298095 to solve! 

Solve using mpi solver
Took 0.00139624 to solve! 

=====================================
Solve using serial solver
Took 0.00298691 to solve! 

Solve using mpi solver
Took 0.00136984 to solve! 

=====================================
Solve using serial solver
Took 0.00312495 to solve! 

Solve using mpi solver
Took 0.00302227 to solve! 

=====================================
Solve using serial solver
Took 0.00310612 to solve! 

Solve using mpi solver
Took 0.00137877 to solve! 

=====================================
Solve using serial solver
Took 0.00113606 to solve! 

Solve using mpi solver
Took 0.00200334 to solve! 

=====================================
Solve using serial solver
Took 0.00313687 to solve! 

Solve using mpi solver
Took 0.00112792 to solve! 

=====================================
Solve using serial solver
Took 0.00283504 to solve! 

Solve using mpi solver
Took 0.00115768 to solve! 

=====================================
Solve using serial solver
Took 0.00103807 to solve! 

Solve using mpi solver
Took 0.0011719 to solve! 

=====================================
Solve using serial solver
Took 0.00299311 to solve! 

Solve using mpi solver
Took 0.00116445 to solve! 

=====================================
Solve using serial solver
Took 0.0029912 to solve! 

Solve using mpi solver
Took 0.00173124 to solve! 

=====================================
Solve using serial solver
Took 0.00299501 to solve! 

Solve using mpi solver
Took 0.00200846 to solve! 

=====================================
Solve using serial solver
Took 0.00299001 to solve! 

Solve using mpi solver
Took 0.00259511 to solve! 

=====================================
Solve using serial solver
Took 0.00296903 to solve! 

Solve using mpi solver
Took 0.00274218 to solve! 

=====================================
Solve using serial solver
Took 0.00299311 to solve! 

Solve using mpi solver
Took 0.00124187 to solve! 

=====================================
Solve using serial solver
Took 0.00104594 to solve! 

Solve using mpi solver
Took 0.00153257 to solve! 

=====================================
Solve using serial solver
Took 0.00213695 to solve! 

Solve using mpi solver
Took 0.00118508 to solve! 

=====================================
Solve using serial solver
Took 0.00114083 to solve! 

Solve using mpi solver
Took 0.00124155 to solve! 

=====================================
Solve using serial solver
Took 0.00296402 to solve! 

Solve using mpi solver
Took 0.00320092 to solve! 

=====================================
Solve using serial solver
Took 0.00214219 to solve! 

Solve using mpi solver
Took 0.0014747 to solve! 

=====================================
Solve using serial solver
Took 0.00295687 to solve! 

Solve using mpi solver
Took 0.00130878 to solve! 

=====================================
Solve using serial solver
Took 0.00299501 to solve! 

Solve using mpi solver
Took 0.00118318 to solve! 

=====================================
Solve using serial solver
Took 0.00177693 to solve! 

Solve using mpi solver
Took 0.00124534 to solve! 

=====================================
Solve using serial solver
Took 0.00298095 to solve! 

Solve using mpi solver
Took 0.00136914 to solve! 

=====================================
Solve using serial solver
Took 0.00296998 to solve! 

Solve using mpi solver
Took 0.00188377 to solve! 

=====================================
Solve using serial solver
Took 0.00297999 to solve! 

Solve using mpi solver
Took 0.00120482 to solve! 

=====================================
Solve using serial solver
Took 0.00298309 to solve! 

Solve using mpi solver
Took 0.00111845 to solve! 

=====================================
Solve using serial solver
Took 0.000960112 to solve! 

Solve using mpi solver
Took 0.00195782 to solve! 

=====================================
Solve using serial solver
Took 0.00172281 to solve! 

Solve using mpi solver
Took 0.00120241 to solve! 

=====================================
Solve using serial solver
Took 0.00301409 to solve! 

Solve using mpi solver
Took 0.00111084 to solve! 

=====================================
Solve using serial solver
Took 0.00297904 to solve! 

Solve using mpi solver
Took 0.00114046 to solve! 

=====================================
Solve using serial solver
Took 0.00105095 to solve! 

Solve using mpi solver
Took 0.00256103 to solve! 

=====================================
Solve using serial solver
Took 0.000920057 to solve! 

Solve using mpi solver
Took 0.00169944 to solve! 

=====================================
Solve using serial solver
Took 0.00298214 to solve! 

Solve using mpi solver
Took 0.00104834 to solve! 

=====================================
Solve using serial solver
Took 0.00299501 to solve! 

Solve using mpi solver
Took 0.0010466 to solve! 

=====================================
Solve using serial solver
Took 0.002985 to solve! 

Solve using mpi solver
Took 0.00130443 to solve! 

=====================================
Solve using serial solver
Took 0.00297117 to solve! 

Solve using mpi solver
Took 0.00287936 to solve! 

=====================================
Solve using serial solver
Took 0.00132084 to solve! 

Solve using mpi solver
Took 0.00283221 to solve! 

=====================================
Solve using serial solver
Took 0.00139904 to solve! 

Solve using mpi solver
Took 0.00142331 to solve! 

=====================================
Solve using serial solver
Took 0.0010469 to solve! 

Solve using mpi solver
Took 0.00164877 to solve! 

=====================================
Solve using serial solver
Took 0.00299406 to solve! 

Solve using mpi solver
Took 0.00128244 to solve! 

=====================================
Solve using serial solver
Took 0.00139713 to solve! 

Solve using mpi solver
Took 0.00130194 to solve! 

=====================================
Solve using serial solver
Took 0.00296688 to solve! 

Solve using mpi solver
Took 0.00116184 to solve! 

=====================================
Solve using serial solver
Took 0.00297713 to solve! 

Solve using mpi solver
Took 0.00389647 to solve! 

=====================================
Solve using serial solver
Took 0.00296497 to solve! 

Solve using mpi solver
Took 0.00115653 to solve! 

=====================================
Solve using serial solver
Took 0.00091815 to solve! 

Solve using mpi solver
Took 0.00137933 to solve! 

=====================================
Solve using serial solver
Took 0.001194 to solve! 

Solve using mpi solver
Took 0.0011729 to solve! 

=====================================
Solve using serial solver
Took 0.00119019 to solve! 

Solve using mpi solver
Took 0.00136279 to solve! 

=====================================
Solve using serial solver
Took 0.00299096 to solve! 

Solve using mpi solver
Took 0.00117837 to solve! 

=====================================
Solve using serial solver
Took 0.00179815 to solve! 

Solve using mpi solver
Took 0.0011499 to solve! 

=====================================
Solve using serial solver
Took 0.00104403 to solve! 

Solve using mpi solver
Took 0.00325351 to solve! 

=====================================
Solve using serial solver
Took 0.00297689 to solve! 

Solve using mpi solver
Took 0.00205039 to solve! 

=====================================
Solve using serial solver
Took 0.00303006 to solve! 

Solve using mpi solver
Took 0.00121554 to solve! 

=====================================
Solve using serial solver
Took 0.00144792 to solve! 

Solve using mpi solver
Took 0.00246905 to solve! 

=====================================
Solve using serial solver
Took 0.00171399 to solve! 

Solve using mpi solver
Took 0.00118599 to solve! 

=====================================
Solve using serial solver
Took 0.00119305 to solve! 

Solve using mpi solver
Took 0.00283878 to solve! 

=====================================
Solve using serial solver
Took 0.00231004 to solve! 

Solve using mpi solver
Took 0.00129798 to solve! 

=====================================
Solve using serial solver
Took 0.00129294 to solve! 

Solve using mpi solver
Took 0.00123814 to solve! 

=====================================
Solve using serial solver
Took 0.00300193 to solve! 

Solve using mpi solver
Took 0.00118888 to solve! 

=====================================
Solve using serial solver
Took 0.000794888 to solve! 

Solve using mpi solver
Took 0.00154048 to solve! 

=====================================
Solve using serial solver
Took 0.002985 to solve! 

Solve using mpi solver
Took 0.00199415 to solve! 

=====================================
Solve using serial solver
Took 0.00296402 to solve! 

Solve using mpi solver
Took 0.00253055 to solve! 

=====================================
Solve using serial solver
Took 0.00115609 to solve! 

Solve using mpi solver
Took 0.00148622 to solve! 

=====================================
Solve using serial solver
Took 0.000913858 to solve! 

Solve using mpi solver
Took 0.0011196 to solve! 

=====================================
Solve using serial solver
Took 0.00298095 to solve! 

Solve using mpi solver
Took 0.0030406 to solve! 

=====================================
Solve using serial solver
Took 0.00297499 to solve! 

Solve using mpi solver
Took 0.00149666 to solve! 

=====================================
Solve using serial solver
Took 0.00298595 to solve! 

Solve using mpi solver
Took 0.00125041 to solve! 

=====================================
Solve using serial solver
Took 0.00298786 to solve! 

Solve using mpi solver
Took 0.00108845 to solve! 

=====================================
Solve using serial solver
Took 0.00297785 to solve! 

Solve using mpi solver
Took 0.00117921 to solve! 

=====================================
Solve using serial solver
Took 0.00300121 to solve! 

Solve using mpi solver
Took 0.00118772 to solve! 

=====================================
Solve using serial solver
Took 0.00218821 to solve! 

Solve using mpi solver
Took 0.00114456 to solve! 

=====================================
Solve using serial solver
Took 0.00121593 to solve! 

Solve using mpi solver
Took 0.00169272 to solve! 

=====================================
Solve using serial solver
Took 0.00299716 to solve! 

Solve using mpi solver
Took 0.00118866 to solve! 

=====================================
Solve using serial solver
Took 0.00293803 to solve! 

Solve using mpi solver
Took 0.0017513 to solve! 

=====================================
Solve using serial solver
Took 0.00294995 to solve! 

Solve using mpi solver
Took 0.00110022 to solve! 

=====================================
Solve using serial solver
Took 0.00303817 to solve! 

Solve using mpi solver
Took 0.00119591 to solve! 

=====================================
Solve using serial solver
Took 0.00300193 to solve! 

Solve using mpi solver
Took 0.00117964 to solve! 

=====================================
Solve using serial solver
Took 0.00133014 to solve! 

Solve using mpi solver
Took 0.00117609 to solve! 

=====================================
Solve using serial solver
Took 0.00133109 to solve! 

Solve using mpi solver
Took 0.00288791 to solve! 

=====================================
Solve using serial solver
Took 0.00299907 to solve! 

Solve using mpi solver
Took 0.0011716 to solve! 

=====================================
Solve using serial solver
Took 0.00298405 to solve! 

Solve using mpi solver
Took 0.00118048 to solve! 

=====================================
Solve using serial solver
Took 0.00119495 to solve! 

Solve using mpi solver
Took 0.0013385 to solve! 

=====================================
Solve using serial solver
Took 0.00199509 to solve! 

Solve using mpi solver
Took 0.001152 to solve! 

=====================================
Solve using serial solver
Took 0.00297904 to solve! 

Solve using mpi solver
Took 0.00280914 to solve! 

=====================================
Solve using serial solver
Took 0.00298285 to solve! 

Solve using mpi solver
Took 0.00135171 to solve! 

=====================================
Solve using serial solver
Took 0.00300503 to solve! 

Solve using mpi solver
Took 0.00230342 to solve! 

=====================================
Solve using serial solver
Took 0.00300193 to solve! 

Solve using mpi solver
Took 0.00109889 to solve! 

